Determining if the pthread_create exist failed with the following output:
Change Dir: /home/dji/Desktop/shaobing_7/build/CMakeFiles/CMakeTmp

Run Build Command:"/usr/bin/make" "cmTC_33f5e/fast"
/usr/bin/make -f CMakeFiles/cmTC_33f5e.dir/build.make CMakeFiles/cmTC_33f5e.dir/build
make[1]: Entering directory '/home/dji/Desktop/shaobing_7/build/CMakeFiles/CMakeTmp'
Building C object CMakeFiles/cmTC_33f5e.dir/CheckSymbolExists.c.o
/usr/bin/cc     -o CMakeFiles/cmTC_33f5e.dir/CheckSymbolExists.c.o   -c /home/dji/Desktop/shaobing_7/build/CMakeFiles/CMakeTmp/CheckSymbolExists.c
Linking C executable cmTC_33f5e
/usr/bin/cmake -E cmake_link_script CMakeFiles/cmTC_33f5e.dir/link.txt --verbose=1
/usr/bin/cc       CMakeFiles/cmTC_33f5e.dir/CheckSymbolExists.c.o  -o cmTC_33f5e 
CMakeFiles/cmTC_33f5e.dir/CheckSymbolExists.c.o: In function `main':
CheckSymbolExists.c:(.text+0x14): undefined reference to `pthread_create'
CheckSymbolExists.c:(.text+0x18): undefined reference to `pthread_create'
collect2: error: ld returned 1 exit status
CMakeFiles/cmTC_33f5e.dir/build.make:97: recipe for target 'cmTC_33f5e' failed
make[1]: *** [cmTC_33f5e] Error 1
make[1]: Leaving directory '/home/dji/Desktop/shaobing_7/build/CMakeFiles/CMakeTmp'
Makefile:126: recipe for target 'cmTC_33f5e/fast' failed
make: *** [cmTC_33f5e/fast] Error 2

File /home/dji/Desktop/shaobing_7/build/CMakeFiles/CMakeTmp/CheckSymbolExists.c:
/* */
#include <pthread.h>

int main(int argc, char** argv)
{
  (void)argv;
#ifndef pthread_create
  return ((int*)(&pthread_create))[argc];
#else
  (void)argc;
  return 0;
#endif
}

Determining if the function pthread_create exists in the pthreads failed with the following output:
Change Dir: /home/dji/Desktop/shaobing_7/build/CMakeFiles/CMakeTmp

Run Build Command:"/usr/bin/make" "cmTC_70826/fast"
/usr/bin/make -f CMakeFiles/cmTC_70826.dir/build.make CMakeFiles/cmTC_70826.dir/build
make[1]: Entering directory '/home/dji/Desktop/shaobing_7/build/CMakeFiles/CMakeTmp'
Building C object CMakeFiles/cmTC_70826.dir/CheckFunctionExists.c.o
/usr/bin/cc    -DCHECK_FUNCTION_EXISTS=pthread_create   -o CMakeFiles/cmTC_70826.dir/CheckFunctionExists.c.o   -c /usr/share/cmake-3.5/Modules/CheckFunctionExists.c
Linking C executable cmTC_70826
/usr/bin/cmake -E cmake_link_script CMakeFiles/cmTC_70826.dir/link.txt --verbose=1
/usr/bin/cc   -DCHECK_FUNCTION_EXISTS=pthread_create    CMakeFiles/cmTC_70826.dir/CheckFunctionExists.c.o  -o cmTC_70826 -lpthreads 
/usr/bin/ld: cannot find -lpthreads
collect2: error: ld returned 1 exit status
CMakeFiles/cmTC_70826.dir/build.make:97: recipe for target 'cmTC_70826' failed
make[1]: *** [cmTC_70826] Error 1
make[1]: Leaving directory '/home/dji/Desktop/shaobing_7/build/CMakeFiles/CMakeTmp'
Makefile:126: recipe for target 'cmTC_70826/fast' failed
make: *** [cmTC_70826/fast] Error 2


